[  0%] Built target _xarm_planner_generate_messages_check_deps_single_straight_plan
[  0%] Built target geometry_msgs_generate_messages_py
[  0%] Built target std_msgs_generate_messages_py
[  0%] Built target _xarm_planner_generate_messages_check_deps_pose_plan
[  0%] Built target _xarm_planner_generate_messages_check_deps_joint_plan
[  0%] Built target _xarm_planner_generate_messages_check_deps_exec_plan
[  0%] Built target geometry_msgs_generate_messages_cpp
[  0%] Built target std_msgs_generate_messages_cpp
[  0%] Built target geometry_msgs_generate_messages_eus
[  0%] Built target std_msgs_generate_messages_eus
[  0%] Built target geometry_msgs_generate_messages_lisp
[  0%] Built target std_msgs_generate_messages_lisp
[  0%] Built target geometry_msgs_generate_messages_nodejs
[  0%] Built target std_msgs_generate_messages_nodejs
[  0%] Built target xarm_msgs_generate_messages_cpp
[  3%] [34m[1mGenerating Python code from SRV xarm_planner/pose_plan[0m
[  7%] [34m[1mGenerating Python code from SRV xarm_planner/joint_plan[0m
[ 10%] [34m[1mGenerating Python code from SRV xarm_planner/exec_plan[0m
[ 14%] [34m[1mGenerating Python code from SRV xarm_planner/single_straight_plan[0m
[ 17%] [34m[1mGenerating Python srv __init__.py for xarm_planner[0m
[ 17%] Built target xarm_planner_generate_messages_py
[ 21%] [34m[1mGenerating C++ code from xarm_planner/pose_plan.srv[0m
[ 25%] [34m[1mGenerating C++ code from xarm_planner/joint_plan.srv[0m
[ 28%] [34m[1mGenerating C++ code from xarm_planner/exec_plan.srv[0m
[ 32%] [34m[1mGenerating C++ code from xarm_planner/single_straight_plan.srv[0m
[ 32%] Built target xarm_planner_generate_messages_cpp
[ 35%] [34m[1mGenerating EusLisp code from xarm_planner/pose_plan.srv[0m
[ 39%] [34m[1mGenerating EusLisp code from xarm_planner/joint_plan.srv[0m
[ 42%] [34m[1mGenerating EusLisp code from xarm_planner/exec_plan.srv[0m
[ 46%] [34m[1mGenerating EusLisp code from xarm_planner/single_straight_plan.srv[0m
[ 50%] Built target xarm_planner_generate_messages_eus
[ 53%] [34m[1mGenerating Lisp code from xarm_planner/pose_plan.srv[0m
[ 57%] [34m[1mGenerating Lisp code from xarm_planner/joint_plan.srv[0m
[ 60%] [34m[1mGenerating Lisp code from xarm_planner/exec_plan.srv[0m
[ 64%] [34m[1mGenerating Lisp code from xarm_planner/single_straight_plan.srv[0m
[ 64%] Built target xarm_planner_generate_messages_lisp
[ 67%] [34m[1mGenerating Javascript code from xarm_planner/pose_plan.srv[0m
[ 71%] [34m[1mGenerating Javascript code from xarm_planner/joint_plan.srv[0m
[ 75%] [34m[1mGenerating Javascript code from xarm_planner/exec_plan.srv[0m
[ 78%] [34m[1mGenerating Javascript code from xarm_planner/single_straight_plan.srv[0m
[ 78%] Built target xarm_planner_generate_messages_nodejs
[ 78%] Built target xarm_planner_generate_messages
[ 82%] [32mBuilding CXX object CMakeFiles/xarm_simple_planner.dir/src/xarm_simple_planner.cpp.o[0m
[01m[K/home/edgarcancinoe/xarm6/catkin_ws/src/xarm_ros/xarm_planner/src/xarm_simple_planner.cpp:[m[K In member function ‘[01m[Kvoid XArmSimplePlanner::init()[m[K’:
[01m[K/home/edgarcancinoe/xarm6/catkin_ws/src/xarm_ros/xarm_planner/src/xarm_simple_planner.cpp:71:37:[m[K [01;35m[Kwarning: [m[K‘[01m[Kconst std::vector<std::__cxx11::basic_string<char> >& moveit::planning_interface::MoveGroupInterface::getJointNames() const[m[K’ is deprecated: use getVariableNames [[01;35m[K-Wdeprecated-declarations[m[K]
   71 |   joint_names = group.getJointNames([01;35m[K)[m[K;
      |                                     [01;35m[K^[m[K
In file included from [01m[K/home/edgarcancinoe/xarm6/catkin_ws/src/xarm_ros/xarm_planner/src/xarm_simple_planner.cpp:7[m[K:
[01m[K/home/edgarcancinoe/xarm6/catkin_ws/src/moveit/moveit_ros/planning_interface/move_group_interface/include/moveit/move_group_interface/move_group_interface.h:205:74:[m[K [01;36m[Knote: [m[Kdeclared here
  205 |   [[deprecated("use getVariableNames")]] const std::vector<std::string>& [01;36m[KgetJointNames[m[K() const
      |                                                                          [01;36m[K^~~~~~~~~~~~~[m[K
[ 85%] [32m[1mLinking CXX executable /home/edgarcancinoe/xarm6/catkin_ws/devel/.private/xarm_planner/lib/xarm_planner/xarm_simple_planner[0m
[ 85%] Built target xarm_simple_planner
[ 89%] [32mBuilding CXX object CMakeFiles/xarm_simple_planner_test.dir/src/xarm_simple_planner_test.cpp.o[0m
[ 92%] [32m[1mLinking CXX executable /home/edgarcancinoe/xarm6/catkin_ws/devel/.private/xarm_planner/lib/xarm_planner/xarm_simple_planner_test[0m
[ 92%] Built target xarm_simple_planner_test
[ 96%] [32mBuilding CXX object CMakeFiles/xarm_gripper_planner.dir/src/xarm_gripper_planner.cpp.o[0m
[01m[K/home/edgarcancinoe/xarm6/catkin_ws/src/xarm_ros/xarm_planner/src/xarm_gripper_planner.cpp:[m[K In member function ‘[01m[Kvoid XArmGripperPlanner::init()[m[K’:
[01m[K/home/edgarcancinoe/xarm6/catkin_ws/src/xarm_ros/xarm_planner/src/xarm_gripper_planner.cpp:68:37:[m[K [01;35m[Kwarning: [m[K‘[01m[Kconst std::vector<std::__cxx11::basic_string<char> >& moveit::planning_interface::MoveGroupInterface::getJointNames() const[m[K’ is deprecated: use getVariableNames [[01;35m[K-Wdeprecated-declarations[m[K]
   68 |   joint_names = group.getJointNames([01;35m[K)[m[K;
      |                                     [01;35m[K^[m[K
In file included from [01m[K/home/edgarcancinoe/xarm6/catkin_ws/src/xarm_ros/xarm_planner/src/xarm_gripper_planner.cpp:7[m[K:
[01m[K/home/edgarcancinoe/xarm6/catkin_ws/src/moveit/moveit_ros/planning_interface/move_group_interface/include/moveit/move_group_interface/move_group_interface.h:205:74:[m[K [01;36m[Knote: [m[Kdeclared here
  205 |   [[deprecated("use getVariableNames")]] const std::vector<std::string>& [01;36m[KgetJointNames[m[K() const
      |                                                                          [01;36m[K^~~~~~~~~~~~~[m[K
[100%] [32m[1mLinking CXX executable /home/edgarcancinoe/xarm6/catkin_ws/devel/.private/xarm_planner/lib/xarm_planner/xarm_gripper_planner[0m
[100%] Built target xarm_gripper_planner
