[  0%] Built target _catkin_empty_exported_target
[  3%] [32mBuilding CXX object CMakeFiles/xarm_cxx_sdk.dir/cxx/src/serial/impl/list_ports/list_ports_linux.cc.o[0m
[  6%] [32mBuilding CXX object CMakeFiles/xarm_cxx_sdk.dir/cxx/src/serial/impl/list_ports/list_ports_osx.cc.o[0m
[  9%] [32mBuilding CXX object CMakeFiles/xarm_cxx_sdk.dir/cxx/src/serial/impl/list_ports/list_ports_win.cc.o[0m
[ 12%] [32mBuilding CXX object CMakeFiles/xarm_cxx_sdk.dir/cxx/src/serial/impl/unix.cc.o[0m
[ 15%] [32mBuilding CXX object CMakeFiles/xarm_cxx_sdk.dir/cxx/src/serial/impl/win.cc.o[0m
[ 18%] [32mBuilding CXX object CMakeFiles/xarm_cxx_sdk.dir/cxx/src/serial/serial.cc.o[0m
[ 21%] [32mBuilding CXX object CMakeFiles/xarm_cxx_sdk.dir/cxx/src/xarm/core/common/crc16.cc.o[0m
[ 25%] [32mBuilding CXX object CMakeFiles/xarm_cxx_sdk.dir/cxx/src/xarm/core/common/queue_memcpy.cc.o[0m
[ 28%] [32mBuilding CXX object CMakeFiles/xarm_cxx_sdk.dir/cxx/src/xarm/core/connect.cc.o[0m
[ 31%] [32mBuilding CXX object CMakeFiles/xarm_cxx_sdk.dir/cxx/src/xarm/core/debug/debug_print.cc.o[0m
[ 34%] [32mBuilding CXX object CMakeFiles/xarm_cxx_sdk.dir/cxx/src/xarm/core/instruction/uxbus_cmd.cc.o[0m
[ 37%] [32mBuilding CXX object CMakeFiles/xarm_cxx_sdk.dir/cxx/src/xarm/core/instruction/uxbus_cmd_ser.cc.o[0m
[ 40%] [32mBuilding CXX object CMakeFiles/xarm_cxx_sdk.dir/cxx/src/xarm/core/instruction/uxbus_cmd_tcp.cc.o[0m
[ 43%] [32mBuilding CXX object CMakeFiles/xarm_cxx_sdk.dir/cxx/src/xarm/core/os/network.cc.o[0m
[ 46%] [32mBuilding CXX object CMakeFiles/xarm_cxx_sdk.dir/cxx/src/xarm/core/port/ser.cc.o[0m
[ 50%] [32mBuilding CXX object CMakeFiles/xarm_cxx_sdk.dir/cxx/src/xarm/core/port/socket.cc.o[0m
[ 53%] [32mBuilding CXX object CMakeFiles/xarm_cxx_sdk.dir/cxx/src/xarm/core/report_data.cc.o[0m
[01m[K/home/edgarcancinoe/xarm6/catkin_ws/src/xarm_ros/xarm_sdk/cxx/src/xarm/core/report_data.cc:[m[K In member function ‘[01m[Kint ReportDataRich::flush_data(unsigned char*)[m[K’:
[01m[K/home/edgarcancinoe/xarm6/catkin_ws/src/xarm_ros/xarm_sdk/cxx/src/xarm/core/report_data.cc:217:45:[m[K [01;35m[Kwarning: [m[Kiteration 16 invokes undefined behavior [[01;35m[K-Waggressive-loop-optimizations[m[K]
  217 |   for (int i = 0; i < 17; i++) { [01;35m[Ksv3msg_[i] = data_fp[229 + i][m[K; }
      |                                  [01;35m[K~~~~~~~~~~~^~~~~~~~~~~~~~~~~~[m[K
[01m[K/home/edgarcancinoe/xarm6/catkin_ws/src/xarm_ros/xarm_sdk/cxx/src/xarm/core/report_data.cc:217:21:[m[K [01;36m[Knote: [m[Kwithin this loop
  217 |   for (int i = 0; [01;36m[Ki < 17[m[K; i++) { sv3msg_[i] = data_fp[229 + i]; }
      |                   [01;36m[K~~^~~~[m[K
[01m[K/home/edgarcancinoe/xarm6/catkin_ws/src/xarm_ros/xarm_sdk/cxx/src/xarm/core/report_data.cc:[m[K In member function ‘[01m[Kint XArmReportData::_flush_rich_data(unsigned char*)[m[K’:
[01m[K/home/edgarcancinoe/xarm6/catkin_ws/src/xarm_ros/xarm_sdk/cxx/src/xarm/core/report_data.cc:457:44:[m[K [01;35m[Kwarning: [m[Kiteration 16 invokes undefined behavior [[01;35m[K-Waggressive-loop-optimizations[m[K]
  457 |   for (int i = 0; i < 17; i++) { [01;35m[Ksv3msg[i] = data_fp[229 + i][m[K; }
      |                                  [01;35m[K~~~~~~~~~~^~~~~~~~~~~~~~~~~~[m[K
[01m[K/home/edgarcancinoe/xarm6/catkin_ws/src/xarm_ros/xarm_sdk/cxx/src/xarm/core/report_data.cc:457:21:[m[K [01;36m[Knote: [m[Kwithin this loop
  457 |   for (int i = 0; [01;36m[Ki < 17[m[K; i++) { sv3msg[i] = data_fp[229 + i]; }
      |                   [01;36m[K~~^~~~[m[K
[01m[K/home/edgarcancinoe/xarm6/catkin_ws/src/xarm_ros/xarm_sdk/cxx/src/xarm/core/report_data.cc:460:52:[m[K [01;35m[Kwarning: [m[Kiteration 7 invokes undefined behavior [[01;35m[K-Waggressive-loop-optimizations[m[K]
  460 |     for (int i = 0; i < 17; i++) { [01;35m[Ktemperatures[i] = data_fp[245 + i][m[K; }
      |                                    [01;35m[K~~~~~~~~~~~~~~~~^~~~~~~~~~~~~~~~~~[m[K
[01m[K/home/edgarcancinoe/xarm6/catkin_ws/src/xarm_ros/xarm_sdk/cxx/src/xarm/core/report_data.cc:460:23:[m[K [01;36m[Knote: [m[Kwithin this loop
  460 |     for (int i = 0; [01;36m[Ki < 17[m[K; i++) { temperatures[i] = data_fp[245 + i]; }
      |                     [01;36m[K~~^~~~[m[K
[ 56%] [32mBuilding CXX object CMakeFiles/xarm_cxx_sdk.dir/cxx/src/xarm/wrapper/xarm_api.cc.o[0m
[ 59%] [32mBuilding CXX object CMakeFiles/xarm_cxx_sdk.dir/cxx/src/xarm/wrapper/xarm_bio.cc.o[0m
[ 62%] [32mBuilding CXX object CMakeFiles/xarm_cxx_sdk.dir/cxx/src/xarm/wrapper/xarm_events.cc.o[0m
[ 65%] [32mBuilding CXX object CMakeFiles/xarm_cxx_sdk.dir/cxx/src/xarm/wrapper/xarm_ft_sensor.cc.o[0m
[ 68%] [32mBuilding CXX object CMakeFiles/xarm_cxx_sdk.dir/cxx/src/xarm/wrapper/xarm_gpio.cc.o[0m
[ 71%] [32mBuilding CXX object CMakeFiles/xarm_cxx_sdk.dir/cxx/src/xarm/wrapper/xarm_gripper.cc.o[0m
[ 75%] [32mBuilding CXX object CMakeFiles/xarm_cxx_sdk.dir/cxx/src/xarm/wrapper/xarm_modbus_tcp.cc.o[0m
[ 78%] [32mBuilding CXX object CMakeFiles/xarm_cxx_sdk.dir/cxx/src/xarm/wrapper/xarm_motion.cc.o[0m
[ 81%] [32mBuilding CXX object CMakeFiles/xarm_cxx_sdk.dir/cxx/src/xarm/wrapper/xarm_params.cc.o[0m
[ 84%] [32mBuilding CXX object CMakeFiles/xarm_cxx_sdk.dir/cxx/src/xarm/wrapper/xarm_record.cc.o[0m
[ 87%] [32mBuilding CXX object CMakeFiles/xarm_cxx_sdk.dir/cxx/src/xarm/wrapper/xarm_report.cc.o[0m
[01m[K/home/edgarcancinoe/xarm6/catkin_ws/src/xarm_ros/xarm_sdk/cxx/src/xarm/wrapper/xarm_report.cc:[m[K In member function ‘[01m[Kvoid XArmAPI::_update_old(unsigned char*)[m[K’:
[01m[K/home/edgarcancinoe/xarm6/catkin_ws/src/xarm_ros/xarm_sdk/cxx/src/xarm/wrapper/xarm_report.cc:160:45:[m[K [01;35m[Kwarning: [m[Kiteration 16 invokes undefined behavior [[01;35m[K-Waggressive-loop-optimizations[m[K]
  160 |     for (int i = 0; i < 17; i++) [01;35m[Ksv3msg_[i] = data_fp[171 + i][m[K;
      |                                  [01;35m[K~~~~~~~~~~~^~~~~~~~~~~~~~~~~~[m[K
[01m[K/home/edgarcancinoe/xarm6/catkin_ws/src/xarm_ros/xarm_sdk/cxx/src/xarm/wrapper/xarm_report.cc:160:23:[m[K [01;36m[Knote: [m[Kwithin this loop
  160 |     for (int i = 0; [01;36m[Ki < 17[m[K; i++) sv3msg_[i] = data_fp[171 + i];
      |                     [01;36m[K~~^~~~[m[K
[ 90%] [32mBuilding CXX object CMakeFiles/xarm_cxx_sdk.dir/cxx/src/xarm/wrapper/xarm_robotiq.cc.o[0m
[ 93%] [32mBuilding CXX object CMakeFiles/xarm_cxx_sdk.dir/cxx/src/xarm/wrapper/xarm_servo.cc.o[0m
[ 96%] [32mBuilding CXX object CMakeFiles/xarm_cxx_sdk.dir/cxx/src/xarm/wrapper/xarm_track.cc.o[0m
[100%] [32m[1mLinking CXX shared library /home/edgarcancinoe/xarm6/catkin_ws/devel/.private/xarm_sdk/lib/libxarm_cxx_sdk.so[0m
[100%] Built target xarm_cxx_sdk
